# This file was automatically created by FeynRules 2.3.4
# Mathematica version: 10.2.0 for Mac OS X x86 (64-bit) (July 29, 2015)
# Date: Tue 13 Oct 2015 14:48:40


# 
# This is the logfile for the model Wprime2TeV

# Authors: N. Christensen, C. Duhr, B. Fuks, Bogdan Dobrescu
# Model version: 1.4.6
# Checking the Quantum numbers
   * Electric charge defined.
# Checking the Lagrangians
   * All Lagrangians are ok.
#
# Particle definitions
#

   * No particles removed. All particles correspond to GenInt setup.

# Automatically assigned PDG numbers
   * Assigned PDG number 9000001 to particle ghA
   * Assigned PDG number 9000002 to particle ghZ
   * Assigned PDG number 9000003 to particle ghWp
   * Assigned PDG number 9000004 to particle ghWm


# Compulsory PDG codes:
   * Class SM leptons complete.
   * Class SM neutrinos complete.
   * Class SM quarks complete.
   * Class SM gauge bosons complete.
#
# Parameter definitions
#

   * All parameters are ok.


# Vertices
   * Calling FeynmanRules for 2 Lagrangians.
   * Number of classes vertices: 83
   * Number of flavored vertices: 121
   * Saved vertices in InterfaceRun[ 1 ].
   * Checked QNumber conservation.
      - Quantum number GhostNumber conserved in all vertices.
      - Quantum number LeptonNumber NOT conserved in the following vertices
          {Wbar, NDbar, tabar}
          {Wpbar, NDbar, tabar}
          {W, NDbar, e}
          {W, ND, ta}
          {Wbar, ebar, ND}
          {Wp, NDbar, e}
          {Wp, ND, ta}
          {Wpbar, ebar, ND}
      - Quantum number Q conserved in all vertices.
      - Quantum number Y conserved in all vertices.
   * particles.py written.
   * parameters.py written.
#
# Vertex definitions
#

   * 121 vertices written.
   * vertices.py written.
#
# Lorentz structure definitions
#

   * 24 lorentz structures written.
   * lorentz.py written.
#
# Coupling definitions
#

   * 63 couplings written.
   * couplings.py written.
#
# Coupling order definitions
#

   * 0 couplings orders written.
   * coupling_orders.py written.
#
# Decay definitions
#

   * 13 decays written.
   * decay.py not written
#
# CTCoupling definitions
#

   * 0 CTcouplings written.
   * CT_couplings.py written.
