# This file was automatically created by FeynRules 1.7.221
# Mathematica version: 11.0.0 for Mac OS X x86 (64-bit) (July 28, 2016)
# Date: Sun 12 Nov 2017 18:00:15


# 
# This is the logfile for the model Standard Model

# Authors: N. Christensen, C. Duhr, B. Fuks
# Model version: 1.4.5
# Checking the Quantum numbers
   * Electric charge defined.
# Checking the Lagrangians
   * All Lagrangians are ok.
#
# Particle definitions
#

   * No particles removed. All particles correspond to GenInt setup.

# Automatically assigned PDG numbers
   * Assigned PDG number 9000001 to particle ghA
   * Assigned PDG number 9000002 to particle ghZ
   * Assigned PDG number 9000003 to particle ghWp
   * Assigned PDG number 9000004 to particle ghWm
   * Assigned PDG number 9000005 to particle ghG


# Compulsory PDG codes:
   * Class SM leptons complete.
   * Class SM neutrinos complete.
   * Class SM quarks complete.
   * Class SM gauge bosons complete.
#
# Parameter definitions
#

   * All parameters are ok.


# Vertices
   * Calling FeynmanRules for 1 Lagrangians.
   * Number of classes vertices: 0
   * Number of flavored vertices: 0
   * Saved vertices in InterfaceRun[ 1 ].
   * Checked QNumber conservation.
   * particles.py written.
   * parameters.py written.
#
# Vertex definitions
#

   * 0 vertices written.
   * vertices.py written.
#
# Lorentz structure definitions
#

   * 0 lorentz structures written.
   * lorentz.py written.
#
# Coupling definitions
#

   * 0 couplings written.
   * couplings.py written.
#
# Coupling order definitions
#

   * 0 couplings orders written.
   * coupling_orders.py written.
#
# Decay definitions
#

   * 0 decays written.
   * decay.py not written
#
# CTCoupling definitions
#

   * 0 CTcouplings written.
   * CT_couplings.py written.
