# This file was automatically created by FeynRules $Revision: 436 $
# Mathematica version: 7.0 for Linux x86 (32-bit) (November 11, 2008)
# Date: Wed 2 Feb 2011 13:43:34


# 
# This is the logfile for the model Scalar Octet GG

# Authors: N. Christensen, C. Duhr, T. Han, I. Lewis, Z. Liu
# Model version: 1.3
# Checking the Lagrangians
   * All Lagrangians are ok.
#
# Particle definitions
#

   * No particles removed. All particles correspond to GenInt setup.

# Automatically assigned PDG numbers
   * Assigned PDG number 9000001 to particle ghA
   * Assigned PDG number 9000002 to particle ghZ
   * Assigned PDG number 9000003 to particle ghWp
   * Assigned PDG number 9000004 to particle ghWm
   * Assigned PDG number 9000005 to particle ghG
   * Assigned PDG number 9000006 to particle S8


# Compulsory PDG codes:
   * Class SM leptons complete.
   * Class SM neutrinos complete.
   * Class SM quarks complete.
   * Class SM gauge bosons complete.
#
# Parameter definitions
#

   * All parameters are ok.


# Vertices
   * Calling FeynmanRules for 1 Lagrangians.
   * Number of classes vertices: 36
   * Number of flavored vertices: 80
   * Saved vertices in InterfaceRun[ 1 ].
   * Checked QNumber conservation.
      - Quantum number GhostNumber conserved in all vertices.
      - Quantum number LeptonNumber conserved in all vertices.
      - Quantum number Q conserved in all vertices.
   * particles.py written.
   * parameters.py written.
#
# Vertex definitions
#

   * 80 vertices written.
   * vertices.py written.
#
# Lorentz structure definitions
#

   * 25 lorentz structures written.
   * lorentz.py written.
#
# Coupling definitions
#

   * 54 couplings written.
   * couplings.py written.
